app/build/intermediates/manifest_merge_blame_file/release/processReleaseMainManifest/manifest-merger-blame-release-report.txt
1<?xml version="1.0" encoding="utf-8"?>
2<manifest xmlns:android="http://schemas.android.com/apk/res/android"
3    package="com.example.timecard"
4    android:versionCode="119"
5    android:versionName="3.1.3" >
6
7    <uses-sdk
8        android:minSdkVersion="24"
9        android:targetSdkVersion="35" />
10
11    <!-- Permissions -->
12    <!-- Read/Write External Storage is legacy for older Android, but we use SAF mainly -->
13    <uses-permission android:name="android.permission.READ_EXTERNAL_STORAGE" />
13-->src\main\AndroidManifest.xml:6:5-80
13-->src\main\AndroidManifest.xml:6:22-77
14    <uses-permission android:name="android.permission.WRITE_EXTERNAL_STORAGE" />
14-->src\main\AndroidManifest.xml:7:5-81
14-->src\main\AndroidManifest.xml:7:22-78
15    <!-- For update checking (Android 11+) -->
16    <uses-permission android:name="android.permission.MANAGE_EXTERNAL_STORAGE" />
16-->src\main\AndroidManifest.xml:9:5-82
16-->src\main\AndroidManifest.xml:9:22-79
17    <!-- For installing APK updates -->
18    <uses-permission android:name="android.permission.REQUEST_INSTALL_PACKAGES" />
18-->src\main\AndroidManifest.xml:11:5-83
18-->src\main\AndroidManifest.xml:11:22-80
19    <uses-permission android:name="android.permission.ACCESS_NETWORK_STATE" />
19-->[androidx.media3:media3-exoplayer:1.2.1] AndroidManifest.xml:22:5-79
19-->[androidx.media3:media3-exoplayer:1.2.1] AndroidManifest.xml:22:22-76
20
21    <permission
21-->[androidx.core:core:1.15.0] AndroidManifest.xml:22:5-24:47
22        android:name="com.example.timecard.DYNAMIC_RECEIVER_NOT_EXPORTED_PERMISSION"
22-->[androidx.core:core:1.15.0] AndroidManifest.xml:23:9-81
23        android:protectionLevel="signature" />
23-->[androidx.core:core:1.15.0] AndroidManifest.xml:24:9-44
24
25    <uses-permission android:name="com.example.timecard.DYNAMIC_RECEIVER_NOT_EXPORTED_PERMISSION" />
25-->[androidx.core:core:1.15.0] AndroidManifest.xml:26:5-97
25-->[androidx.core:core:1.15.0] AndroidManifest.xml:26:22-94
26
27    <application
27-->src\main\AndroidManifest.xml:13:5-41:19
28        android:allowBackup="true"
28-->src\main\AndroidManifest.xml:14:9-35
29        android:appComponentFactory="androidx.core.app.CoreComponentFactory"
29-->[androidx.core:core:1.15.0] AndroidManifest.xml:28:18-86
30        android:extractNativeLibs="false"
31        android:icon="@mipmap/ic_launcher"
31-->src\main\AndroidManifest.xml:15:9-43
32        android:label="Timecard"
32-->src\main\AndroidManifest.xml:16:9-33
33        android:supportsRtl="true"
33-->src\main\AndroidManifest.xml:17:9-35
34        android:theme="@android:style/Theme.Material.Light.NoActionBar" >
34-->src\main\AndroidManifest.xml:18:9-72
35        <activity
35-->src\main\AndroidManifest.xml:20:9-29:20
36            android:name="com.example.timecard.MainActivity"
36-->src\main\AndroidManifest.xml:21:13-41
37            android:configChanges="orientation|screenSize|keyboardHidden"
37-->src\main\AndroidManifest.xml:24:13-74
38            android:exported="true"
38-->src\main\AndroidManifest.xml:22:13-36
39            android:windowSoftInputMode="adjustResize" >
39-->src\main\AndroidManifest.xml:23:13-55
40            <intent-filter>
40-->src\main\AndroidManifest.xml:25:13-28:29
41                <action android:name="android.intent.action.MAIN" />
41-->src\main\AndroidManifest.xml:26:17-69
41-->src\main\AndroidManifest.xml:26:25-66
42
43                <category android:name="android.intent.category.LAUNCHER" />
43-->src\main\AndroidManifest.xml:27:17-77
43-->src\main\AndroidManifest.xml:27:27-74
44            </intent-filter>
45        </activity>
46
47        <!-- FileProvider for sharing APK files during updates -->
48        <provider
49            android:name="androidx.core.content.FileProvider"
49-->src\main\AndroidManifest.xml:33:13-62
50            android:authorities="com.example.timecard.provider"
50-->src\main\AndroidManifest.xml:34:13-60
51            android:exported="false"
51-->src\main\AndroidManifest.xml:35:13-37
52            android:grantUriPermissions="true" >
52-->src\main\AndroidManifest.xml:36:13-47
53            <meta-data
53-->src\main\AndroidManifest.xml:37:13-39:63
54                android:name="android.support.FILE_PROVIDER_PATHS"
54-->src\main\AndroidManifest.xml:38:17-67
55                android:resource="@xml/file_provider_paths" />
55-->src\main\AndroidManifest.xml:39:17-60
56        </provider>
57        <provider
57-->[androidx.emoji2:emoji2:1.3.0] AndroidManifest.xml:24:9-32:20
58            android:name="androidx.startup.InitializationProvider"
58-->[androidx.emoji2:emoji2:1.3.0] AndroidManifest.xml:25:13-67
59            android:authorities="com.example.timecard.androidx-startup"
59-->[androidx.emoji2:emoji2:1.3.0] AndroidManifest.xml:26:13-68
60            android:exported="false" >
60-->[androidx.emoji2:emoji2:1.3.0] AndroidManifest.xml:27:13-37
61            <meta-data
61-->[androidx.emoji2:emoji2:1.3.0] AndroidManifest.xml:29:13-31:52
62                android:name="androidx.emoji2.text.EmojiCompatInitializer"
62-->[androidx.emoji2:emoji2:1.3.0] AndroidManifest.xml:30:17-75
63                android:value="androidx.startup" />
63-->[androidx.emoji2:emoji2:1.3.0] AndroidManifest.xml:31:17-49
64            <meta-data
64-->[androidx.lifecycle:lifecycle-process:2.8.7] AndroidManifest.xml:29:13-31:52
65                android:name="androidx.lifecycle.ProcessLifecycleInitializer"
65-->[androidx.lifecycle:lifecycle-process:2.8.7] AndroidManifest.xml:30:17-78
66                android:value="androidx.startup" />
66-->[androidx.lifecycle:lifecycle-process:2.8.7] AndroidManifest.xml:31:17-49
67            <meta-data
67-->[androidx.profileinstaller:profileinstaller:1.3.1] AndroidManifest.xml:29:13-31:52
68                android:name="androidx.profileinstaller.ProfileInstallerInitializer"
68-->[androidx.profileinstaller:profileinstaller:1.3.1] AndroidManifest.xml:30:17-85
69                android:value="androidx.startup" />
69-->[androidx.profileinstaller:profileinstaller:1.3.1] AndroidManifest.xml:31:17-49
70        </provider>
71
72        <receiver
72-->[androidx.profileinstaller:profileinstaller:1.3.1] AndroidManifest.xml:34:9-52:20
73            android:name="androidx.profileinstaller.ProfileInstallReceiver"
73-->[androidx.profileinstaller:profileinstaller:1.3.1] AndroidManifest.xml:35:13-76
74            android:directBootAware="false"
74-->[androidx.profileinstaller:profileinstaller:1.3.1] AndroidManifest.xml:36:13-44
75            android:enabled="true"
75-->[androidx.profileinstaller:profileinstaller:1.3.1] AndroidManifest.xml:37:13-35
76            android:exported="true"
76-->[androidx.profileinstaller:profileinstaller:1.3.1] AndroidManifest.xml:38:13-36
77            android:permission="android.permission.DUMP" >
77-->[androidx.profileinstaller:profileinstaller:1.3.1] AndroidManifest.xml:39:13-57
78            <intent-filter>
78-->[androidx.profileinstaller:profileinstaller:1.3.1] AndroidManifest.xml:40:13-42:29
79                <action android:name="androidx.profileinstaller.action.INSTALL_PROFILE" />
79-->[androidx.profileinstaller:profileinstaller:1.3.1] AndroidManifest.xml:41:17-91
79-->[androidx.profileinstaller:profileinstaller:1.3.1] AndroidManifest.xml:41:25-88
80            </intent-filter>
81            <intent-filter>
81-->[androidx.profileinstaller:profileinstaller:1.3.1] AndroidManifest.xml:43:13-45:29
82                <action android:name="androidx.profileinstaller.action.SKIP_FILE" />
82-->[androidx.profileinstaller:profileinstaller:1.3.1] AndroidManifest.xml:44:17-85
82-->[androidx.profileinstaller:profileinstaller:1.3.1] AndroidManifest.xml:44:25-82
83            </intent-filter>
84            <intent-filter>
84-->[androidx.profileinstaller:profileinstaller:1.3.1] AndroidManifest.xml:46:13-48:29
85                <action android:name="androidx.profileinstaller.action.SAVE_PROFILE" />
85-->[androidx.profileinstaller:profileinstaller:1.3.1] AndroidManifest.xml:47:17-88
85-->[androidx.profileinstaller:profileinstaller:1.3.1] AndroidManifest.xml:47:25-85
86            </intent-filter>
87            <intent-filter>
87-->[androidx.profileinstaller:profileinstaller:1.3.1] AndroidManifest.xml:49:13-51:29
88                <action android:name="androidx.profileinstaller.action.BENCHMARK_OPERATION" />
88-->[androidx.profileinstaller:profileinstaller:1.3.1] AndroidManifest.xml:50:17-95
88-->[androidx.profileinstaller:profileinstaller:1.3.1] AndroidManifest.xml:50:25-92
89            </intent-filter>
90        </receiver>
91    </application>
92
93</manifest>